<?xml version="1.0" encoding="UTF-8"?>
<!-- Generated by org.testng.reporters.JUnitXMLReporter -->
<testsuite ignored="0" hostname="LAPTOP-5SGPDORB" failures="0" tests="6" name="Inwarranyty API Tests" time="7.203" errors="0" timestamp="2026-06-15T10:27:59 IST">
  <testcase classname="com.api.tests.LoginAPITest" name="loginAPITest" time="2.832"/>
  <testcase classname="com.api.tests.GetUserDetailsAPITest" name="getUserDetails" time="1.078"/>
  <testcase classname="com.api.tests.CountAPITest" name="verifyCountAPIResponse" time="1.128"/>
  <testcase classname="com.api.tests.CountAPITest" name="verifyResponseWithNoAuthenticationHeader" time="0.794"/>
  <testcase classname="com.api.tests.MasterAPITest" name="invalidMasterAPITest" time="0.328"/>
  <testcase classname="com.api.tests.MasterAPITest" name="masterAPITest" time="0.994"/>
</testsuite> <!-- Inwarranyty API Tests -->
