<?xml version="1.0" encoding="UTF-8"?>
<!-- Generated by org.testng.reporters.JUnitXMLReporter -->
<testsuite ignored="0" hostname="LAPTOP-5SGPDORB" failures="0" tests="6" name="Inwarranyty API Tests" time="6.796" errors="0" timestamp="2026-06-15T09:32:47 IST">
  <testcase classname="com.api.tests.LoginAPITest" name="loginAPITest" time="3.219"/>
  <testcase classname="com.api.tests.GetUserDetailsAPITest" name="getUserDetails" time="0.749"/>
  <testcase classname="com.api.tests.CountAPITest" name="verifyCountAPIResponse" time="0.728"/>
  <testcase classname="com.api.tests.CountAPITest" name="verifyResponseWithNoAuthenticationHeader" time="0.663"/>
  <testcase classname="com.api.tests.MasterAPITest" name="invalidMasterAPITest" time="0.322"/>
  <testcase classname="com.api.tests.MasterAPITest" name="masterAPITest" time="1.04"/>
</testsuite> <!-- Inwarranyty API Tests -->
