<?xml version="1.0" encoding="UTF-8"?>
<!-- Generated by org.testng.reporters.JUnitXMLReporter -->
<testsuite ignored="0" hostname="LAPTOP-5SGPDORB" failures="0" tests="6" name="Surefire test" time="5.159" errors="0" timestamp="2026-06-15T08:15:53 IST">
  <testcase classname="com.api.tests.CountAPITest" name="verifyCountAPIResponse" time="3.481"/>
  <testcase classname="com.api.tests.CountAPITest" name="verifyResponseWithNoAuthenticationHeader" time="0.64"/>
  <testcase classname="com.api.tests.GetUserDetailsAPITest" name="getUserDetails" time="0.311"/>
  <testcase classname="com.api.tests.LoginAPITest" name="loginAPITest" time="0.142"/>
  <testcase classname="com.api.tests.MasterAPITest" name="invalidMasterAPITest" time="0.065"/>
  <testcase classname="com.api.tests.MasterAPITest" name="masterAPITest" time="0.48"/>
</testsuite> <!-- Surefire test -->
