<?xml version="1.0" encoding="UTF-8"?>
<!-- Generated by org.testng.reporters.JUnitXMLReporter -->
<testsuite ignored="1" hostname="LAPTOP-5SGPDORB" failures="0" tests="1" name="Default test" time="1.692" errors="0" timestamp="2026-06-15T08:14:13 IST">
  <testcase classname="com.api.tests.MasterAPITest" name="invalidMasterAPITest" time="1.654"/>
  <testcase classname="com.api.tests.MasterAPITest" name="masterAPITest" time="0.0">
    <ignored/>
  </testcase> <!-- masterAPITest -->
</testsuite> <!-- Default test -->
