<?xml version="1.0" encoding="UTF-8"?>
<testng-results ignored="0" total="6" passed="6" failed="0" skipped="0">
  <reporter-output>
  </reporter-output>
  <suite started-at="2026-06-15T10:27:51 IST" name="Phoenix API Test Suite" finished-at="2026-06-15T10:27:59 IST" duration-ms="7203">
    <groups>
    </groups>
    <test started-at="2026-06-15T10:27:51 IST" name="Inwarranyty API Tests" finished-at="2026-06-15T10:27:59 IST" duration-ms="7203">
      <class name="com.api.tests.GetUserDetailsAPITest">
        <test-method signature="getUserDetails()[pri:0, instance:com.api.tests.GetUserDetailsAPITest@498d318c]" started-at="2026-06-15T10:27:54 IST" name="getUserDetails" finished-at="2026-06-15T10:27:55 IST" duration-ms="1078" status="PASS">
          <reporter-output>
          </reporter-output>
        </test-method> <!-- getUserDetails -->
      </class> <!-- com.api.tests.GetUserDetailsAPITest -->
      <class name="com.api.tests.MasterAPITest">
        <test-method signature="invalidMasterAPITest()[pri:0, instance:com.api.tests.MasterAPITest@402bba4f]" started-at="2026-06-15T10:27:57 IST" name="invalidMasterAPITest" finished-at="2026-06-15T10:27:58 IST" duration-ms="328" status="PASS">
          <reporter-output>
          </reporter-output>
        </test-method> <!-- invalidMasterAPITest -->
        <test-method signature="masterAPITest()[pri:0, instance:com.api.tests.MasterAPITest@402bba4f]" started-at="2026-06-15T10:27:58 IST" name="masterAPITest" finished-at="2026-06-15T10:27:59 IST" duration-ms="994" status="PASS">
          <reporter-output>
          </reporter-output>
        </test-method> <!-- masterAPITest -->
      </class> <!-- com.api.tests.MasterAPITest -->
      <class name="com.api.tests.CountAPITest">
        <test-method signature="verifyCountAPIResponse()[pri:0, instance:com.api.tests.CountAPITest@6e171cd7]" started-at="2026-06-15T10:27:55 IST" name="verifyCountAPIResponse" finished-at="2026-06-15T10:27:57 IST" duration-ms="1128" status="PASS">
          <reporter-output>
          </reporter-output>
        </test-method> <!-- verifyCountAPIResponse -->
        <test-method signature="verifyResponseWithNoAuthenticationHeader()[pri:0, instance:com.api.tests.CountAPITest@6e171cd7]" started-at="2026-06-15T10:27:57 IST" name="verifyResponseWithNoAuthenticationHeader" finished-at="2026-06-15T10:27:57 IST" duration-ms="794" status="PASS">
          <reporter-output>
          </reporter-output>
        </test-method> <!-- verifyResponseWithNoAuthenticationHeader -->
      </class> <!-- com.api.tests.CountAPITest -->
      <class name="com.api.tests.LoginAPITest">
        <test-method signature="loginAPITest()[pri:0, instance:com.api.tests.LoginAPITest@72057ecf]" started-at="2026-06-15T10:27:52 IST" name="loginAPITest" finished-at="2026-06-15T10:27:54 IST" duration-ms="2832" status="PASS">
          <reporter-output>
          </reporter-output>
        </test-method> <!-- loginAPITest -->
      </class> <!-- com.api.tests.LoginAPITest -->
    </test> <!-- Inwarranyty API Tests -->
  </suite> <!-- Phoenix API Test Suite -->
</testng-results>
