<?xml version="1.0" encoding="UTF-8"?>
<testsuite xmlns:xsi="http://www.w3.org/2001/XMLSchema-instance" xsi:noNamespaceSchemaLocation="https://maven.apache.org/surefire/maven-surefire-plugin/xsd/surefire-test-report-3.0.xsd" version="3.0" name="TestSuite" time="4.471" tests="2" errors="0" skipped="0" failures="0">
  <properties>
[...]
</properties>
  <testcase name="getUserDetails" classname="com.api.tests.GetUserDetailsAPITest" time="2.299">
    <system-out><![CDATA[Headers:		Authorization=eyJhbGciOiJIUzI1NiIsInR5cCI6IkpXVCJ9.eyJpZCI6NCwiZmlyc3RfbmFtZSI6ImZkIiwibGFzdF9uYW1lIjoiZmQiLCJsb2dpbl9pZCI6ImlhbWZkIiwibW9iaWxlX251bWJlciI6Ijg4OTk3NzY2NTUiLCJlbWFpbF9pZCI6Im1hcmtAZ21haWwuY29tIiwicGFzc3dvcmQiOiI1ZjRkY2MzYjVhYTc2NWQ2MWQ4MzI3ZGViODgyY2Y5OSIsInJlc2V0X3Bhc3N3b3JkX2RhdGUiOm51bGwsImxvY2tfc3RhdHVzIjowLCJpc19hY3RpdmUiOjEsIm1zdF9yb2xlX2lkIjo1LCJtc3Rfc2VydmljZV9sb2NhdGlvbl9pZCI6MSwiY3JlYXRlZF9hdCI6IjIwMjEtMTEtMDNUMDg6MDY6MjMuMDAwWiIsIm1vZGlmaWVkX2F0IjoiMjAyMS0xMS0wM1QwODowNjoyMy4wMDBaIiwicm9sZV9uYW1lIjoiRnJvbnREZXNrIiwic2VydmljZV9sb2NhdGlvbiI6IlNlcnZpY2UgQ2VudGVyIEEiLCJpYXQiOjE3ODAxMjc1MzR9.ihejJ6jvhSNfOHNl5_7yHlYk7pNf1MR139E2uTKZafo
				Accept=application/json, application/javascript, text/javascript, text/json
Request method:	GET
Request URI:	http://64.227.160.186:9000/v1/userdetails
Proxy:			<none>
Request params:	<none>
Query params:	<none>
Form params:	<none>
Path params:	<none>
Headers:		Authorization=eyJhbGciOiJIUzI1NiIsInR5cCI6IkpXVCJ9.eyJpZCI6NCwiZmlyc3RfbmFtZSI6ImZkIiwibGFzdF9uYW1lIjoiZmQiLCJsb2dpbl9pZCI6ImlhbWZkIiwibW9iaWxlX251bWJlciI6Ijg4OTk3NzY2NTUiLCJlbWFpbF9pZCI6Im1hcmtAZ21haWwuY29tIiwicGFzc3dvcmQiOiI1ZjRkY2MzYjVhYTc2NWQ2MWQ4MzI3ZGViODgyY2Y5OSIsInJlc2V0X3Bhc3N3b3JkX2RhdGUiOm51bGwsImxvY2tfc3RhdHVzIjowLCJpc19hY3RpdmUiOjEsIm1zdF9yb2xlX2lkIjo1LCJtc3Rfc2VydmljZV9sb2NhdGlvbl9pZCI6MSwiY3JlYXRlZF9hdCI6IjIwMjEtMTEtMDNUMDg6MDY6MjMuMDAwWiIsIm1vZGlmaWVkX2F0IjoiMjAyMS0xMS0wM1QwODowNjoyMy4wMDBaIiwicm9sZV9uYW1lIjoiRnJvbnREZXNrIiwic2VydmljZV9sb2NhdGlvbiI6IlNlcnZpY2UgQ2VudGVyIEEiLCJpYXQiOjE3ODAxMjc1MzR9.ihejJ6jvhSNfOHNl5_7yHlYk7pNf1MR139E2uTKZafo
				Accept=application/json, application/javascript, text/javascript, text/json
Cookies:		<none>
Multiparts:		<none>
Body:			<none>
{
    "message": "Success",
    "data": {
        "id": 4,
        "first_name": "fd",
        "last_name": "fd",
        "login_id": "iamfd",
        "mobile_number": "8899776655",
        "email_id": "mark@gmail.com",
        "password": "5f4dcc3b5aa765d61d8327deb882cf99",
        "reset_password_date": null,
        "lock_status": 0,
        "is_active": 1,
        "mst_role_id": 5,
        "mst_service_location_id": 1,
        "created_at": "2021-11-03T08:06:23.000Z",
        "modified_at": "2021-11-03T08:06:23.000Z",
        "role_name": "FrontDesk",
        "service_location": "Service Center A"
    }
}
]]></system-out>
    <system-err><![CDATA[SLF4J(W): No SLF4J providers were found.
SLF4J(W): Defaulting to no-operation (NOP) logger implementation
SLF4J(W): See https://www.slf4j.org/codes.html#noProviders for further details.
]]></system-err>
  </testcase>
  <testcase name="loginAPITest" classname="com.api.tests.LoginAPITest" time="1.693">
    <system-out><![CDATA[Request URI:	http://64.227.160.186:9000/v1/login
Request method:	POST
Body:
{
    "username": "iamfd",
    "password": "password"
}
Headers:		Accept=application/json, application/javascript, text/javascript, text/json
				Content-Type=application/json
{
    "message": "Success",
    "data": {
        "token": "eyJhbGciOiJIUzI1NiIsInR5cCI6IkpXVCJ9.eyJpZCI6NCwiZmlyc3RfbmFtZSI6ImZkIiwibGFzdF9uYW1lIjoiZmQiLCJsb2dpbl9pZCI6ImlhbWZkIiwibW9iaWxlX251bWJlciI6Ijg4OTk3NzY2NTUiLCJlbWFpbF9pZCI6Im1hcmtAZ21haWwuY29tIiwicGFzc3dvcmQiOiI1ZjRkY2MzYjVhYTc2NWQ2MWQ4MzI3ZGViODgyY2Y5OSIsInJlc2V0X3Bhc3N3b3JkX2RhdGUiOm51bGwsImxvY2tfc3RhdHVzIjowLCJpc19hY3RpdmUiOjEsIm1zdF9yb2xlX2lkIjo1LCJtc3Rfc2VydmljZV9sb2NhdGlvbl9pZCI6MSwiY3JlYXRlZF9hdCI6IjIwMjEtMTEtMDNUMDg6MDY6MjMuMDAwWiIsIm1vZGlmaWVkX2F0IjoiMjAyMS0xMS0wM1QwODowNjoyMy4wMDBaIiwicm9sZV9uYW1lIjoiRnJvbnREZXNrIiwic2VydmljZV9sb2NhdGlvbiI6IlNlcnZpY2UgQ2VudGVyIEEiLCJpYXQiOjE3ODA3MTI2OTd9.8N8QNqetFgqr74cbLwrc2F21HAkxotGBOC6lX_9HfgI"
    }
}
]]></system-out>
  </testcase>
</testsuite>