<?xml version="1.0" encoding="UTF-8"?>
<testng-results ignored="0" total="1" passed="1" failed="0" skipped="0">
  <reporter-output>
  </reporter-output>
  <suite started-at="2026-05-30T13:51:07 IST" name="Default suite" finished-at="2026-05-30T13:51:09 IST" duration-ms="2206">
    <groups>
    </groups>
    <test started-at="2026-05-30T13:51:07 IST" name="Default test" finished-at="2026-05-30T13:51:09 IST" duration-ms="2206">
      <class name="com.api.tests.GetUserDetailsAPITest">
        <test-method signature="getUserDetails()[pri:0, instance:com.api.tests.GetUserDetailsAPITest@459e9125]" started-at="2026-05-30T13:51:07 IST" name="getUserDetails" finished-at="2026-05-30T13:51:09 IST" duration-ms="2171" status="PASS">
          <reporter-output>
          </reporter-output>
        </test-method> <!-- getUserDetails -->
      </class> <!-- com.api.tests.GetUserDetailsAPITest -->
    </test> <!-- Default test -->
  </suite> <!-- Default suite -->
</testng-results>
