<?xml version="1.0" encoding="UTF-8"?>
<!-- Generated by org.testng.reporters.JUnitReportReporter -->
<testsuite hostname="LAPTOP-5SGPDORB" failures="0" tests="2" name="com.api.tests.MasterAPITest" time="0.545" errors="0" timestamp="2026-06-15T08:15:53 IST" skipped="0">
  <testcase classname="com.api.tests.MasterAPITest" name="invalidMasterAPITest" time="0.065"/>
  <testcase classname="com.api.tests.MasterAPITest" name="masterAPITest" time="0.480"/>
</testsuite> <!-- com.api.tests.MasterAPITest -->
