<?xml version="1.0" encoding="UTF-8"?>
<!-- Generated by org.testng.reporters.JUnitReportReporter -->
<testsuite hostname="LAPTOP-5SGPDORB" failures="0" tests="2" name="com.api.tests.CountAPITest" time="4.121" errors="0" timestamp="2026-06-15T08:15:53 IST" skipped="0">
  <testcase classname="com.api.tests.CountAPITest" name="verifyResponseWithNoAuthenticationHeader" time="0.640"/>
  <testcase classname="com.api.tests.CountAPITest" name="verifyCountAPIResponse" time="3.481"/>
</testsuite> <!-- com.api.tests.CountAPITest -->
