<?xml version="1.0" encoding="UTF-8"?>
<!-- Generated by org.testng.reporters.JUnitReportReporter -->
<testsuite hostname="LAPTOP-5SGPDORB" failures="0" tests="2" name="com.api.tests.CountAPITest" time="1.922" errors="0" timestamp="2026-06-15T10:27:59 IST" skipped="0">
  <testcase classname="com.api.tests.CountAPITest" name="verifyResponseWithNoAuthenticationHeader" time="0.794"/>
  <testcase classname="com.api.tests.CountAPITest" name="verifyCountAPIResponse" time="1.128"/>
</testsuite> <!-- com.api.tests.CountAPITest -->
